#
# There is insufficient memory for the Java Runtime Environment to continue.
# Native memory allocation (malloc) failed to allocate 32744 bytes for ChunkPool::allocate
# Possible reasons:
#   The system is out of physical RAM or swap space
#   The process is running with CompressedOops enabled, and the Java Heap may be blocking the growth of the native heap
# Possible solutions:
#   Reduce memory load on the system
#   Increase physical memory or swap space
#   Check if swap backing store is full
#   Decrease Java heap size (-Xmx/-Xms)
#   Decrease number of Java threads
#   Decrease Java thread stack sizes (-Xss)
#   Set larger code cache with -XX:ReservedCodeCacheSize=
#   JVM is running with Unscaled Compressed Oops mode in which the Java heap is
#     placed in the first 4GB address space. The Java Heap base address is the
#     maximum limit for the native heap growth. Please use -XX:HeapBaseMinAddress
#     to set the Java Heap base and to place the Java Heap above 4GB virtual address.
# This output file may be truncated or incomplete.
#
#  Out of Memory Error (allocation.cpp:272), pid=7080, tid=0x00000000000021fc
#
# JRE version: Java(TM) SE Runtime Environment (8.0_251-b08) (build 1.8.0_251-b08)
# Java VM: Java HotSpot(TM) 64-Bit Server VM (25.251-b08 mixed mode windows-amd64 compressed oops)
# Failed to write core dump. Minidumps are not enabled by default on client versions of Windows
#

---------------  T H R E A D  ---------------

Current thread (0x0000000015de1800):  JavaThread "C2 CompilerThread1" daemon [_thread_in_native, id=8700, stack(0x00000000167b0000,0x00000000168b0000)]

Stack: [0x00000000167b0000,0x00000000168b0000]
[error occurred during error reporting (printing stack bounds), id 0xc0000005]

Native frames: (J=compiled Java code, j=interpreted, Vv=VM code, C=native code)


Current CompileTask:
C2:   9424 1562       4       java.net.URLClassLoader$1::run (5 bytes)


---------------  P R O C E S S  ---------------

Java Threads: ( => current thread )
  0x000000001c80e800 JavaThread "File lock request listener" [_thread_in_native, id=5724, stack(0x000000001c970000,0x000000001ca70000)]
  0x000000001c80e000 JavaThread "Cache worker for journal cache (C:\Users\pc01\.gradle\caches\journal-1)" [_thread_blocked, id=13812, stack(0x000000001c870000,0x000000001c970000)]
  0x000000001759b800 JavaThread "Daemon client event forwarder" [_thread_blocked, id=13460, stack(0x000000001a5d0000,0x000000001a6d0000)]
  0x0000000016151000 JavaThread "Stdin handler" [_thread_blocked, id=5500, stack(0x000000001a4d0000,0x000000001a5d0000)]
  0x000000001759e000 JavaThread "Asynchronous log dispatcher for DefaultDaemonConnection: socket connection from /127.0.0.1:55985 to /127.0.0.1:55987" [_thread_blocked, id=14552, stack(0x000000001a3d0000,0x000000001a4d0000)]
  0x000000001614c800 JavaThread "Daemon worker" [_thread_blocked, id=11740, stack(0x000000001a2d0000,0x000000001a3d0000)]
  0x0000000017593000 JavaThread "Cancel handler" [_thread_blocked, id=2992, stack(0x000000001a1d0000,0x000000001a2d0000)]
  0x0000000017c34000 JavaThread "Handler for socket connection from /127.0.0.1:55985 to /127.0.0.1:55987" [_thread_in_native, id=3052, stack(0x000000001a0d0000,0x000000001a1d0000)]
  0x00000000175dc800 JavaThread "Daemon" [_thread_blocked, id=4172, stack(0x0000000019fd0000,0x000000001a0d0000)]
  0x00000000188b6000 JavaThread "Daemon periodic checks" [_thread_blocked, id=7920, stack(0x0000000019cd0000,0x0000000019dd0000)]
  0x0000000017c19800 JavaThread "Incoming local TCP Connector on port 55985" [_thread_in_native, id=6276, stack(0x0000000019a90000,0x0000000019b90000)]
  0x000000001896b800 JavaThread "Daemon health stats" [_thread_blocked, id=13880, stack(0x0000000019650000,0x0000000019750000)]
  0x0000000015e29000 JavaThread "Service Thread" daemon [_thread_blocked, id=9700, stack(0x0000000016ab0000,0x0000000016bb0000)]
  0x0000000015de9800 JavaThread "C1 CompilerThread3" daemon [_thread_blocked, id=11288, stack(0x00000000169b0000,0x0000000016ab0000)]
  0x0000000015de2800 JavaThread "C2 CompilerThread2" daemon [_thread_in_native, id=7452, stack(0x00000000168b0000,0x00000000169b0000)]
=>0x0000000015de1800 JavaThread "C2 CompilerThread1" daemon [_thread_in_native, id=8700, stack(0x00000000167b0000,0x00000000168b0000)]
  0x0000000015ddc000 JavaThread "C2 CompilerThread0" daemon [_thread_blocked, id=5124, stack(0x00000000166b0000,0x00000000167b0000)]
  0x0000000015dd9800 JavaThread "Attach Listener" daemon [_thread_blocked, id=12340, stack(0x00000000165b0000,0x00000000166b0000)]
  0x0000000015dd8000 JavaThread "Signal Dispatcher" daemon [_thread_blocked, id=4744, stack(0x00000000164b0000,0x00000000165b0000)]
  0x0000000015dd0800 JavaThread "Finalizer" daemon [_thread_blocked, id=144, stack(0x00000000162b0000,0x00000000163b0000)]
  0x0000000002758800 JavaThread "Reference Handler" daemon [_thread_blocked, id=11844, stack(0x00000000161b0000,0x00000000162b0000)]
  0x000000000277d800 JavaThread "main" [_thread_blocked, id=8396, stack(0x0000000002550000,0x0000000002650000)]

Other Threads:
  0x0000000013fea000 VMThread [stack: 0x0000000015cb0000,0x0000000015db0000] [id=4360]
  0x0000000015e2b000 WatcherThread [stack: 0x0000000016bb0000,0x0000000016cb0000] [id=14328]

VM state:not at safepoint (normal execution)

VM Mutex/Monitor currently owned by a thread: None

heap address: 0x00000000e0000000, size: 512 MB, Compressed Oops mode: 32-bit
Narrow klass base: 0x0000000000000000, Narrow klass shift: 3
Compressed class space size: 1073741824 Address: 0x0000000100000000

Heap:
 PSYoungGen      total 76288K, used 38848K [0x00000000f5580000, 0x00000000faa80000, 0x0000000100000000)
  eden space 65536K, 45% used [0x00000000f5580000,0x00000000f729b050,0x00000000f9580000)
  from space 10752K, 84% used [0x00000000fa000000,0x00000000fa8d5178,0x00000000faa80000)
  to   space 10752K, 0% used [0x00000000f9580000,0x00000000f9580000,0x00000000fa000000)
 ParOldGen       total 175104K, used 24K [0x00000000e0000000, 0x00000000eab00000, 0x00000000f5580000)
  object space 175104K, 0% used [0x00000000e0000000,0x00000000e0006000,0x00000000eab00000)
 Metaspace       used 15486K, capacity 15944K, committed 16256K, reserved 1062912K
  class space    used 2203K, capacity 2348K, committed 2432K, reserved 1048576K

Card table byte_map: [0x0000000011b40000,0x0000000011c50000] byte_map_base: 0x0000000011440000

Marking Bits: (ParMarkBitMap*) 0x000000005a82af90
 Begin Bits: [0x0000000012500000, 0x0000000012d00000)
 End Bits:   [0x0000000012d00000, 0x0000000013500000)

Polling page: 0x0000000000d40000

CodeCache: size=245760Kb used=5656Kb max_used=5667Kb free=240103Kb
 bounds [0x0000000002780000, 0x0000000002d10000, 0x0000000011780000]
 total_blobs=2015 nmethods=1603 adapters=324
 compilation: enabled

Compilation events (10 events):
Event: 9.119 Thread 0x0000000015de9800 1602       3       jdk.internal.org.objectweb.asm.MethodWriter::visitMaxs (1159 bytes)
Event: 9.127 Thread 0x0000000015de9800 nmethod 1602 0x0000000002cf5790 code [0x0000000002cf5c40, 0x0000000002cf8278]
Event: 9.137 Thread 0x0000000015de9800 1603       3       jdk.internal.org.objectweb.asm.MethodWriter::visitEnd (1 bytes)
Event: 9.137 Thread 0x0000000015de9800 nmethod 1603 0x0000000002cfad10 code [0x0000000002cfae60, 0x0000000002cfafb0]
Event: 9.176 Thread 0x0000000015de9800 1604       3       jdk.internal.org.objectweb.asm.MethodWriter::getSize (838 bytes)
Event: 9.180 Thread 0x0000000015de9800 nmethod 1604 0x0000000002cfb010 code [0x0000000002cfb480, 0x0000000002cfd868]
Event: 9.183 Thread 0x0000000015de9800 1605       3       jdk.internal.org.objectweb.asm.MethodWriter::put (1599 bytes)
Event: 9.193 Thread 0x0000000015de9800 nmethod 1605 0x0000000002cfec10 code [0x0000000002cff4c0, 0x0000000002d02fb8]
Event: 9.230 Thread 0x0000000015ddc000 1606       4       java.util.LinkedHashMap$LinkedKeyIterator::next (8 bytes)
Event: 9.231 Thread 0x0000000015ddc000 nmethod 1606 0x0000000002d08150 code [0x0000000002d08280, 0x0000000002d08358]

GC Heap History (4 events):
Event: 3.721 GC heap before
{Heap before GC invocations=1 (full 0):
 PSYoungGen      total 76288K, used 65536K [0x00000000f5580000, 0x00000000faa80000, 0x0000000100000000)
  eden space 65536K, 100% used [0x00000000f5580000,0x00000000f9580000,0x00000000f9580000)
  from space 10752K, 0% used [0x00000000fa000000,0x00000000fa000000,0x00000000faa80000)
  to   space 10752K, 0% used [0x00000000f9580000,0x00000000f9580000,0x00000000fa000000)
 ParOldGen       total 175104K, used 0K [0x00000000e0000000, 0x00000000eab00000, 0x00000000f5580000)
  object space 175104K, 0% used [0x00000000e0000000,0x00000000e0000000,0x00000000eab00000)
 Metaspace       used 7526K, capacity 7776K, committed 7936K, reserved 1056768K
  class space    used 945K, capacity 1022K, committed 1024K, reserved 1048576K
Event: 3.739 GC heap after
Heap after GC invocations=1 (full 0):
 PSYoungGen      total 76288K, used 6571K [0x00000000f5580000, 0x00000000faa80000, 0x0000000100000000)
  eden space 65536K, 0% used [0x00000000f5580000,0x00000000f5580000,0x00000000f9580000)
  from space 10752K, 61% used [0x00000000f9580000,0x00000000f9bead38,0x00000000fa000000)
  to   space 10752K, 0% used [0x00000000fa000000,0x00000000fa000000,0x00000000faa80000)
 ParOldGen       total 175104K, used 16K [0x00000000e0000000, 0x00000000eab00000, 0x00000000f5580000)
  object space 175104K, 0% used [0x00000000e0000000,0x00000000e0004000,0x00000000eab00000)
 Metaspace       used 7526K, capacity 7776K, committed 7936K, reserved 1056768K
  class space    used 945K, capacity 1022K, committed 1024K, reserved 1048576K
}
Event: 7.896 GC heap before
{Heap before GC invocations=2 (full 0):
 PSYoungGen      total 76288K, used 72107K [0x00000000f5580000, 0x00000000faa80000, 0x0000000100000000)
  eden space 65536K, 100% used [0x00000000f5580000,0x00000000f9580000,0x00000000f9580000)
  from space 10752K, 61% used [0x00000000f9580000,0x00000000f9bead38,0x00000000fa000000)
  to   space 10752K, 0% used [0x00000000fa000000,0x00000000fa000000,0x00000000faa80000)
 ParOldGen       total 175104K, used 16K [0x00000000e0000000, 0x00000000eab00000, 0x00000000f5580000)
  object space 175104K, 0% used [0x00000000e0000000,0x00000000e0004000,0x00000000eab00000)
 Metaspace       used 13782K, capacity 14242K, committed 14336K, reserved 1060864K
  class space    used 1912K, capacity 2043K, committed 2048K, reserved 1048576K
Event: 7.921 GC heap after
Heap after GC invocations=2 (full 0):
 PSYoungGen      total 76288K, used 9044K [0x00000000f5580000, 0x00000000faa80000, 0x0000000100000000)
  eden space 65536K, 0% used [0x00000000f5580000,0x00000000f5580000,0x00000000f9580000)
  from space 10752K, 84% used [0x00000000fa000000,0x00000000fa8d5178,0x00000000faa80000)
  to   space 10752K, 0% used [0x00000000f9580000,0x00000000f9580000,0x00000000fa000000)
 ParOldGen       total 175104K, used 24K [0x00000000e0000000, 0x00000000eab00000, 0x00000000f5580000)
  object space 175104K, 0% used [0x00000000e0000000,0x00000000e0006000,0x00000000eab00000)
 Metaspace       used 13782K, capacity 14242K, committed 14336K, reserved 1060864K
  class space    used 1912K, capacity 2043K, committed 2048K, reserved 1048576K
}

Deoptimization events (10 events):
Event: 4.821 Thread 0x000000000277d800 Uncommon trap: reason=unstable_if action=reinterpret pc=0x00000000029eb974 method=java.util.HashMap.getNode(ILjava/lang/Object;)Ljava/util/HashMap$Node; @ 129
Event: 4.821 Thread 0x000000000277d800 Uncommon trap: reason=bimorphic action=maybe_recompile pc=0x0000000002a0adc4 method=java.util.HashMap.putVal(ILjava/lang/Object;Ljava/lang/Object;ZZ)Ljava/lang/Object; @ 203
Event: 4.988 Thread 0x000000000277d800 Uncommon trap: reason=unstable_if action=reinterpret pc=0x00000000029e2504 method=java.util.HashMap.getNode(ILjava/lang/Object;)Ljava/util/HashMap$Node; @ 129
Event: 4.988 Thread 0x000000000277d800 Uncommon trap: reason=bimorphic action=maybe_recompile pc=0x0000000002a0adc4 method=java.util.HashMap.putVal(ILjava/lang/Object;Ljava/lang/Object;ZZ)Ljava/lang/Object; @ 203
Event: 5.337 Thread 0x000000000277d800 Uncommon trap: reason=unstable_if action=reinterpret pc=0x0000000002aca56c method=java.io.WinNTFileSystem.normalize(Ljava/lang/String;)Ljava/lang/String; @ 128
Event: 7.290 Thread 0x0000000017c34000 Uncommon trap: reason=unstable_if action=reinterpret pc=0x0000000002be102c method=java.util.concurrent.ConcurrentHashMap.putVal(Ljava/lang/Object;Ljava/lang/Object;Z)Ljava/lang/Object; @ 206
Event: 7.397 Thread 0x000000001614c800 Uncommon trap: reason=bimorphic action=maybe_recompile pc=0x0000000002bee304 method=java.util.HashMap.putVal(ILjava/lang/Object;Ljava/lang/Object;ZZ)Ljava/lang/Object; @ 253
Event: 7.398 Thread 0x000000001614c800 Uncommon trap: reason=bimorphic action=maybe_recompile pc=0x0000000002bee304 method=java.util.HashMap.putVal(ILjava/lang/Object;Ljava/lang/Object;ZZ)Ljava/lang/Object; @ 253
Event: 8.944 Thread 0x000000001614c800 Uncommon trap: reason=class_check action=maybe_recompile pc=0x0000000002b160c4 method=java.util.regex.Matcher.match(II)Z @ 86
Event: 9.240 Thread 0x000000001614c800 Uncommon trap: reason=class_check action=maybe_recompile pc=0x0000000002b160c4 method=java.util.regex.Matcher.match(II)Z @ 86

Classes redefined (0 events):
No events

Internal exceptions (10 events):
Event: 1.970 Thread 0x000000000277d800 Exception <a 'java/lang/ArrayIndexOutOfBoundsException'> (0x00000000f70151a0) thrown at [C:\jenkins\workspace\8-2-build-windows-amd64-cygwin\jdk8u251\737\hotspot\src\share\vm\runtime\sharedRuntime.cpp, line 605]
Event: 1.970 Thread 0x000000000277d800 Exception <a 'java/lang/ArrayIndexOutOfBoundsException'> (0x00000000f7017690) thrown at [C:\jenkins\workspace\8-2-build-windows-amd64-cygwin\jdk8u251\737\hotspot\src\share\vm\runtime\sharedRuntime.cpp, line 605]
Event: 1.971 Thread 0x000000000277d800 Exception <a 'java/lang/ArrayIndexOutOfBoundsException'> (0x00000000f702c2b8) thrown at [C:\jenkins\workspace\8-2-build-windows-amd64-cygwin\jdk8u251\737\hotspot\src\share\vm\runtime\sharedRuntime.cpp, line 605]
Event: 5.029 Thread 0x000000000277d800 Exception <a 'java/lang/NoSuchMethodError': java.lang.Object.lambda$get$0(Ljava/util/function/Supplier;Ljava/lang/Object;)Ljava/lang/Object;> (0x00000000f79039d0) thrown at [C:\jenkins\workspace\8-2-build-windows-amd64-cygwin\jdk8u251\737\hotspot\src\shar
Event: 6.083 Thread 0x000000000277d800 Exception <a 'java/io/IOException'> (0x00000000f7d524f0) thrown at [C:\jenkins\workspace\8-2-build-windows-amd64-cygwin\jdk8u251\737\hotspot\src\share\vm\prims\jni.cpp, line 710]
Event: 7.299 Thread 0x0000000017c34000 Exception <a 'java/lang/NoSuchMethodError': <clinit>> (0x00000000f81face0) thrown at [C:\jenkins\workspace\8-2-build-windows-amd64-cygwin\jdk8u251\737\hotspot\src\share\vm\prims\jni.cpp, line 1614]
Event: 7.305 Thread 0x0000000017c34000 Exception <a 'java/lang/NoSuchMethodError': <clinit>> (0x00000000f8212a50) thrown at [C:\jenkins\workspace\8-2-build-windows-amd64-cygwin\jdk8u251\737\hotspot\src\share\vm\prims\jni.cpp, line 1614]
Event: 7.306 Thread 0x0000000017c34000 Exception <a 'java/lang/NoSuchMethodError': <clinit>> (0x00000000f821b608) thrown at [C:\jenkins\workspace\8-2-build-windows-amd64-cygwin\jdk8u251\737\hotspot\src\share\vm\prims\jni.cpp, line 1614]
Event: 7.314 Thread 0x0000000017c34000 Exception <a 'java/lang/NoSuchMethodError': <clinit>> (0x00000000f8231568) thrown at [C:\jenkins\workspace\8-2-build-windows-amd64-cygwin\jdk8u251\737\hotspot\src\share\vm\prims\jni.cpp, line 1614]
Event: 7.981 Thread 0x000000001614c800 Exception <a 'java/lang/NoSuchMethodError': java.lang.Object.lambda$static$0(Lorg/gradle/internal/state/ModelObject;)Ljava/lang/String;> (0x00000000f582cd60) thrown at [C:\jenkins\workspace\8-2-build-windows-amd64-cygwin\jdk8u251\737\hotspot\src\share\vm\

Events (10 events):
Event: 9.222 loading class org/gradle/cache/internal/MultiProcessSafeAsyncPersistentIndexedCache done
Event: 9.225 loading class org/gradle/cache/CacheDecorator
Event: 9.225 loading class org/gradle/cache/CacheDecorator done
Event: 9.232 loading class org/gradle/api/internal/changedetection/state/DefaultFileAccessTimeJournal
Event: 9.232 loading class org/gradle/api/internal/changedetection/state/DefaultFileAccessTimeJournal done
Event: 9.240 Thread 0x000000001614c800 Uncommon trap: trap_request=0xffffffde fr.pc=0x0000000002b160c4
Event: 9.241 Thread 0x000000001614c800 DEOPT PACKING pc=0x0000000002b160c4 sp=0x000000001a3ca210
Event: 9.248 Thread 0x000000001614c800 DEOPT UNPACKING pc=0x00000000027c583b sp=0x000000001a3ca190 mode 2
Event: 9.282 loading class org/gradle/cache/PersistentIndexedCacheParameters
Event: 9.282 loading class org/gradle/cache/PersistentIndexedCacheParameters done


Dynamic libraries:
0x00007ff7482f0000 - 0x00007ff748327000 	C:\Program Files\Java\jdk1.8.0_251\bin\java.exe
0x00007fff4f710000 - 0x00007fff4f905000 	C:\Windows\SYSTEM32\ntdll.dll
0x00007fff4e2e0000 - 0x00007fff4e39e000 	C:\Windows\System32\KERNEL32.DLL
0x00007fff4d430000 - 0x00007fff4d6f8000 	C:\Windows\System32\KERNELBASE.dll
0x00007fff4e030000 - 0x00007fff4e0de000 	C:\Windows\System32\ADVAPI32.dll
0x00007fff4ded0000 - 0x00007fff4df6e000 	C:\Windows\System32\msvcrt.dll
0x00007fff4f510000 - 0x00007fff4f5ac000 	C:\Windows\System32\sechost.dll
0x00007fff4dda0000 - 0x00007fff4dec5000 	C:\Windows\System32\RPCRT4.dll
0x00007fff4db90000 - 0x00007fff4dd31000 	C:\Windows\System32\USER32.dll
0x00007fff4d1e0000 - 0x00007fff4d202000 	C:\Windows\System32\win32u.dll
0x00007fff4d800000 - 0x00007fff4d82b000 	C:\Windows\System32\GDI32.dll
0x00007fff4d0d0000 - 0x00007fff4d1dd000 	C:\Windows\System32\gdi32full.dll
0x00007fff4ce20000 - 0x00007fff4cebd000 	C:\Windows\System32\msvcp_win.dll
0x00007fff4d210000 - 0x00007fff4d310000 	C:\Windows\System32\ucrtbase.dll
0x00007fff4c190000 - 0x00007fff4c42a000 	C:\Windows\WinSxS\amd64_microsoft.windows.common-controls_6595b64144ccf1df_6.0.19041.1110_none_60b5254171f9507e\COMCTL32.dll
0x00007fff4f5b0000 - 0x00007fff4f5e0000 	C:\Windows\System32\IMM32.DLL
0x000000005a8b0000 - 0x000000005a982000 	C:\Program Files\Java\jdk1.8.0_251\jre\bin\msvcr100.dll
0x000000005a000000 - 0x000000005a8ab000 	C:\Program Files\Java\jdk1.8.0_251\jre\bin\server\jvm.dll
0x00007fff4e2d0000 - 0x00007fff4e2d8000 	C:\Windows\System32\PSAPI.DLL
0x00007fff3a4b0000 - 0x00007fff3a4d7000 	C:\Windows\SYSTEM32\WINMM.dll
0x00007fff366f0000 - 0x00007fff366f9000 	C:\Windows\SYSTEM32\WSOCK32.dll
0x00007fff4e0e0000 - 0x00007fff4e14b000 	C:\Windows\System32\WS2_32.dll
0x00007fff45b00000 - 0x00007fff45b0a000 	C:\Windows\SYSTEM32\VERSION.dll
0x00007fff4a610000 - 0x00007fff4a61f000 	C:\Program Files\Java\jdk1.8.0_251\jre\bin\verify.dll
0x00007fff49780000 - 0x00007fff497a9000 	C:\Program Files\Java\jdk1.8.0_251\jre\bin\java.dll
0x00007fff4a250000 - 0x00007fff4a266000 	C:\Program Files\Java\jdk1.8.0_251\jre\bin\zip.dll
0x00007fff4ec80000 - 0x00007fff4f3c4000 	C:\Windows\System32\SHELL32.dll
0x00007fff4a8a0000 - 0x00007fff4b035000 	C:\Windows\SYSTEM32\windows.storage.dll
0x00007fff4d830000 - 0x00007fff4db85000 	C:\Windows\System32\combase.dll
0x00007fff4c120000 - 0x00007fff4c14e000 	C:\Windows\SYSTEM32\Wldp.dll
0x00007fff4df80000 - 0x00007fff4e02d000 	C:\Windows\System32\SHCORE.dll
0x00007fff4e640000 - 0x00007fff4e695000 	C:\Windows\System32\shlwapi.dll
0x00007fff4cd60000 - 0x00007fff4cd7f000 	C:\Windows\SYSTEM32\profapi.dll
0x00007fff49760000 - 0x00007fff4977a000 	C:\Program Files\Java\jdk1.8.0_251\jre\bin\net.dll
0x00007fff4bff0000 - 0x00007fff4c05a000 	C:\Windows\system32\mswsock.dll
0x00007fff49740000 - 0x00007fff49752000 	C:\Program Files\Java\jdk1.8.0_251\jre\bin\nio.dll
0x00007fff1b9b0000 - 0x00007fff1b9d7000 	C:\Users\pc01\.gradle\native\e1d6ef7f7dcc3fd88c89a11ec53ec762bb8ba0a96d01ffa2cd45eb1d1d8dd5c5\windows-amd64\native-platform.dll
0x00007fff17eb0000 - 0x00007fff17ff4000 	C:\Users\pc01\.gradle\native\5664cfc778a61ccfe75a443a1ab52a65af34e5dc3c78e0209fed803814484fcb\windows-amd64\native-platform-file-events.dll
0x00007fff4a2f0000 - 0x00007fff4a2fd000 	C:\Program Files\Java\jdk1.8.0_251\jre\bin\management.dll
0x00007fff4cad0000 - 0x00007fff4cae8000 	C:\Windows\SYSTEM32\CRYPTSP.dll
0x00007fff4b820000 - 0x00007fff4b854000 	C:\Windows\system32\rsaenh.dll
0x00007fff4d370000 - 0x00007fff4d397000 	C:\Windows\System32\bcrypt.dll
0x00007fff4cd20000 - 0x00007fff4cd4e000 	C:\Windows\SYSTEM32\USERENV.dll
0x00007fff4d3a0000 - 0x00007fff4d422000 	C:\Windows\System32\bcryptprimitives.dll
0x00007fff4c0e0000 - 0x00007fff4c0ec000 	C:\Windows\SYSTEM32\CRYPTBASE.dll
0x00007fff4bb70000 - 0x00007fff4bbab000 	C:\Windows\SYSTEM32\IPHLPAPI.DLL
0x00007fff4f3d0000 - 0x00007fff4f3d8000 	C:\Windows\System32\NSI.dll
0x00007fff44240000 - 0x00007fff44257000 	C:\Windows\SYSTEM32\dhcpcsvc6.DLL
0x00007fff443d0000 - 0x00007fff443ed000 	C:\Windows\SYSTEM32\dhcpcsvc.DLL
0x00007fff4bbb0000 - 0x00007fff4bc7b000 	C:\Windows\SYSTEM32\DNSAPI.dll

VM Arguments:
jvm_args: -XX:MaxMetaspaceSize=256m -XX:+HeapDumpOnOutOfMemoryError -Xms256m -Xmx512m -Dfile.encoding=windows-1252 -Duser.country=US -Duser.language=en -Duser.variant 
java_command: org.gradle.launcher.daemon.bootstrap.GradleDaemon 7.3.3
java_class_path (initial): C:\Users\pc01\.gradle\wrapper\dists\gradle-7.3.3-all\4295vidhdd9hd3gbjyw1xqxpo\gradle-7.3.3\lib\gradle-launcher-7.3.3.jar
Launcher Type: SUN_STANDARD

Environment Variables:
PATH=C:\Program Files (x86)\Common Files\Oracle\Java\javapath;C:\Windows\system32;C:\Windows;C:\Windows\System32\Wbem;C:\Windows\System32\WindowsPowerShell\v1.0\;C:\Windows\System32\OpenSSH\;C:\Program Files\Git\cmd;C:\Users\pc01\AppData\Local\Microsoft\WindowsApps;;C:\Program Files\JetBrains\DataGrip 2021.3.1\bin;
USERNAME=pc01
OS=Windows_NT
PROCESSOR_IDENTIFIER=Intel64 Family 6 Model 142 Stepping 12, GenuineIntel



---------------  S Y S T E M  ---------------

OS: Windows 10.0 , 64 bit Build 19041 (10.0.19041.1466)

CPU:total 8 (initial active 8) (4 cores per cpu, 2 threads per core) family 6 model 142 stepping 12, cmov, cx8, fxsr, mmx, sse, sse2, sse3, ssse3, sse4.1, sse4.2, popcnt, avx, avx2, aes, clmul, erms, 3dnowpref, lzcnt, ht, tsc, tscinvbit, bmi1, bmi2, adx

Memory: 4k page, physical 4039000k(63616k free), swap 16327000k(4228k free)

vm_info: Java HotSpot(TM) 64-Bit Server VM (25.251-b08) for windows-amd64 JRE (1.8.0_251-b08), built on Mar 12 2020 06:31:49 by "" with MS VC++ 10.0 (VS2010)

time: Mon Feb 14 16:05:21 2022
timezone: SE Asia Standard Time
elapsed time: 9 seconds (0d 0h 0m 9s)

